<?xml version="1.0" encoding="UTF-8"?>
<testsuite xmlns:xsi="http://www.w3.org/2001/XMLSchema-instance" xsi:noNamespaceSchemaLocation="https://maven.apache.org/surefire/maven-surefire-plugin/xsd/surefire-test-report.xsd" name="com.paypal.bfs.test.employeeserv.it.function.EmployeeServiceIntegrationTest" time="8.936" tests="1" errors="0" skipped="0" failures="0">
  <properties>
[...]
</properties>
  <testcase name="shouldSaveEmployeeDetailAndRetrieve" classname="com.paypal.bfs.test.employeeserv.it.function.EmployeeServiceIntegrationTest" time="1.444"/>
</testsuite>